[INFO  - 2016-04-10T03:01:31.922Z] GhostDriver - Main - running on port 2419
[INFO  - 2016-04-10T03:01:32.405Z] Session [8772a520-fec8-11e5-827b-8d1af2a0cb69] - page.settings - {"XSSAuditingEnabled":false,"javascriptCanCloseWindows":true,"javascriptCanOpenWindows":true,"javascriptEnabled":true,"loadImages":true,"localToRemoteUrlAccessEnabled":false,"userAgent":"Mozilla/5.0 (Unknown; Linux x86_64) AppleWebKit/538.1 (KHTML, like Gecko) PhantomJS/2.0.0 Safari/538.1","webSecurityEnabled":true}
[INFO  - 2016-04-10T03:01:32.405Z] Session [8772a520-fec8-11e5-827b-8d1af2a0cb69] - page.customHeaders:  - {}
[INFO  - 2016-04-10T03:01:32.405Z] Session [8772a520-fec8-11e5-827b-8d1af2a0cb69] - Session.negotiatedCapabilities - {"browserName":"phantomjs","version":"2.0.0","driverName":"ghostdriver","driverVersion":"1.2.0","platform":"linux-unknown-64bit","javascriptEnabled":true,"takesScreenshot":true,"handlesAlerts":false,"databaseEnabled":false,"locationContextEnabled":false,"applicationCacheEnabled":false,"browserConnectionEnabled":false,"cssSelectorsEnabled":true,"webStorageEnabled":false,"rotatable":false,"acceptSslCerts":false,"nativeEvents":true,"proxy":{"proxyType":"direct"}}
[INFO  - 2016-04-10T03:01:32.405Z] SessionManagerReqHand - _postNewSessionCommand - New Session Created: 8772a520-fec8-11e5-827b-8d1af2a0cb69
[INFO  - 2016-04-10T03:03:18.341Z] ShutdownReqHand - _handle - About to shutdown
[INFO  - 2016-04-10T03:08:53.686Z] GhostDriver - Main - running on port 11412
[INFO  - 2016-04-10T03:08:54.174Z] Session [8ec365c0-fec9-11e5-aa55-d993d196a863] - page.settings - {"XSSAuditingEnabled":false,"javascriptCanCloseWindows":true,"javascriptCanOpenWindows":true,"javascriptEnabled":true,"loadImages":true,"localToRemoteUrlAccessEnabled":false,"userAgent":"Mozilla/5.0 (Unknown; Linux x86_64) AppleWebKit/538.1 (KHTML, like Gecko) PhantomJS/2.0.0 Safari/538.1","webSecurityEnabled":true}
[INFO  - 2016-04-10T03:08:54.175Z] Session [8ec365c0-fec9-11e5-aa55-d993d196a863] - page.customHeaders:  - {}
[INFO  - 2016-04-10T03:08:54.175Z] Session [8ec365c0-fec9-11e5-aa55-d993d196a863] - Session.negotiatedCapabilities - {"browserName":"phantomjs","version":"2.0.0","driverName":"ghostdriver","driverVersion":"1.2.0","platform":"linux-unknown-64bit","javascriptEnabled":true,"takesScreenshot":true,"handlesAlerts":false,"databaseEnabled":false,"locationContextEnabled":false,"applicationCacheEnabled":false,"browserConnectionEnabled":false,"cssSelectorsEnabled":true,"webStorageEnabled":false,"rotatable":false,"acceptSslCerts":false,"nativeEvents":true,"proxy":{"proxyType":"direct"}}
[INFO  - 2016-04-10T03:08:54.175Z] SessionManagerReqHand - _postNewSessionCommand - New Session Created: 8ec365c0-fec9-11e5-aa55-d993d196a863
[INFO  - 2016-04-10T03:09:29.180Z] GhostDriver - Main - running on port 24649
[INFO  - 2016-04-10T03:09:29.656Z] Session [a3e95e50-fec9-11e5-975f-5b6db3b1e1a6] - page.settings - {"XSSAuditingEnabled":false,"javascriptCanCloseWindows":true,"javascriptCanOpenWindows":true,"javascriptEnabled":true,"loadImages":true,"localToRemoteUrlAccessEnabled":false,"userAgent":"Mozilla/5.0 (Unknown; Linux x86_64) AppleWebKit/538.1 (KHTML, like Gecko) PhantomJS/2.0.0 Safari/538.1","webSecurityEnabled":true}
[INFO  - 2016-04-10T03:09:29.656Z] Session [a3e95e50-fec9-11e5-975f-5b6db3b1e1a6] - page.customHeaders:  - {}
[INFO  - 2016-04-10T03:09:29.656Z] Session [a3e95e50-fec9-11e5-975f-5b6db3b1e1a6] - Session.negotiatedCapabilities - {"browserName":"phantomjs","version":"2.0.0","driverName":"ghostdriver","driverVersion":"1.2.0","platform":"linux-unknown-64bit","javascriptEnabled":true,"takesScreenshot":true,"handlesAlerts":false,"databaseEnabled":false,"locationContextEnabled":false,"applicationCacheEnabled":false,"browserConnectionEnabled":false,"cssSelectorsEnabled":true,"webStorageEnabled":false,"rotatable":false,"acceptSslCerts":false,"nativeEvents":true,"proxy":{"proxyType":"direct"}}
[INFO  - 2016-04-10T03:09:29.656Z] SessionManagerReqHand - _postNewSessionCommand - New Session Created: a3e95e50-fec9-11e5-975f-5b6db3b1e1a6
[INFO  - 2016-04-10T03:10:13.616Z] GhostDriver - Main - running on port 17570
[INFO  - 2016-04-10T03:10:14.089Z] Session [be654e60-fec9-11e5-bf3e-8380cb751641] - page.settings - {"XSSAuditingEnabled":false,"javascriptCanCloseWindows":true,"javascriptCanOpenWindows":true,"javascriptEnabled":true,"loadImages":true,"localToRemoteUrlAccessEnabled":false,"userAgent":"Mozilla/5.0 (Unknown; Linux x86_64) AppleWebKit/538.1 (KHTML, like Gecko) PhantomJS/2.0.0 Safari/538.1","webSecurityEnabled":true}
[INFO  - 2016-04-10T03:10:14.089Z] Session [be654e60-fec9-11e5-bf3e-8380cb751641] - page.customHeaders:  - {}
[INFO  - 2016-04-10T03:10:14.089Z] Session [be654e60-fec9-11e5-bf3e-8380cb751641] - Session.negotiatedCapabilities - {"browserName":"phantomjs","version":"2.0.0","driverName":"ghostdriver","driverVersion":"1.2.0","platform":"linux-unknown-64bit","javascriptEnabled":true,"takesScreenshot":true,"handlesAlerts":false,"databaseEnabled":false,"locationContextEnabled":false,"applicationCacheEnabled":false,"browserConnectionEnabled":false,"cssSelectorsEnabled":true,"webStorageEnabled":false,"rotatable":false,"acceptSslCerts":false,"nativeEvents":true,"proxy":{"proxyType":"direct"}}
[INFO  - 2016-04-10T03:10:14.089Z] SessionManagerReqHand - _postNewSessionCommand - New Session Created: be654e60-fec9-11e5-bf3e-8380cb751641
[INFO  - 2016-04-10T03:10:31.225Z] GhostDriver - Main - running on port 19903
[INFO  - 2016-04-10T03:10:31.700Z] Session [c8e48810-fec9-11e5-9140-e54d78715796] - page.settings - {"XSSAuditingEnabled":false,"javascriptCanCloseWindows":true,"javascriptCanOpenWindows":true,"javascriptEnabled":true,"loadImages":true,"localToRemoteUrlAccessEnabled":false,"userAgent":"Mozilla/5.0 (Unknown; Linux x86_64) AppleWebKit/538.1 (KHTML, like Gecko) PhantomJS/2.0.0 Safari/538.1","webSecurityEnabled":true}
[INFO  - 2016-04-10T03:10:31.700Z] Session [c8e48810-fec9-11e5-9140-e54d78715796] - page.customHeaders:  - {}
[INFO  - 2016-04-10T03:10:31.700Z] Session [c8e48810-fec9-11e5-9140-e54d78715796] - Session.negotiatedCapabilities - {"browserName":"phantomjs","version":"2.0.0","driverName":"ghostdriver","driverVersion":"1.2.0","platform":"linux-unknown-64bit","javascriptEnabled":true,"takesScreenshot":true,"handlesAlerts":false,"databaseEnabled":false,"locationContextEnabled":false,"applicationCacheEnabled":false,"browserConnectionEnabled":false,"cssSelectorsEnabled":true,"webStorageEnabled":false,"rotatable":false,"acceptSslCerts":false,"nativeEvents":true,"proxy":{"proxyType":"direct"}}
[INFO  - 2016-04-10T03:10:31.700Z] SessionManagerReqHand - _postNewSessionCommand - New Session Created: c8e48810-fec9-11e5-9140-e54d78715796
[INFO  - 2016-04-10T03:12:44.576Z] GhostDriver - Main - running on port 22036
[INFO  - 2016-04-10T03:12:45.050Z] Session [18604780-feca-11e5-b89a-699b77cb4ebd] - page.settings - {"XSSAuditingEnabled":false,"javascriptCanCloseWindows":true,"javascriptCanOpenWindows":true,"javascriptEnabled":true,"loadImages":true,"localToRemoteUrlAccessEnabled":false,"userAgent":"Mozilla/5.0 (Unknown; Linux x86_64) AppleWebKit/538.1 (KHTML, like Gecko) PhantomJS/2.0.0 Safari/538.1","webSecurityEnabled":true}
[INFO  - 2016-04-10T03:12:45.050Z] Session [18604780-feca-11e5-b89a-699b77cb4ebd] - page.customHeaders:  - {}
[INFO  - 2016-04-10T03:12:45.051Z] Session [18604780-feca-11e5-b89a-699b77cb4ebd] - Session.negotiatedCapabilities - {"browserName":"phantomjs","version":"2.0.0","driverName":"ghostdriver","driverVersion":"1.2.0","platform":"linux-unknown-64bit","javascriptEnabled":true,"takesScreenshot":true,"handlesAlerts":false,"databaseEnabled":false,"locationContextEnabled":false,"applicationCacheEnabled":false,"browserConnectionEnabled":false,"cssSelectorsEnabled":true,"webStorageEnabled":false,"rotatable":false,"acceptSslCerts":false,"nativeEvents":true,"proxy":{"proxyType":"direct"}}
[INFO  - 2016-04-10T03:12:45.051Z] SessionManagerReqHand - _postNewSessionCommand - New Session Created: 18604780-feca-11e5-b89a-699b77cb4ebd
[INFO  - 2016-04-10T03:14:45.385Z] GhostDriver - Main - running on port 8698
[INFO  - 2016-04-10T03:14:45.863Z] Session [6062ba40-feca-11e5-8d0f-879e9acf8a43] - page.settings - {"XSSAuditingEnabled":false,"javascriptCanCloseWindows":true,"javascriptCanOpenWindows":true,"javascriptEnabled":true,"loadImages":true,"localToRemoteUrlAccessEnabled":false,"userAgent":"Mozilla/5.0 (Unknown; Linux x86_64) AppleWebKit/538.1 (KHTML, like Gecko) PhantomJS/2.0.0 Safari/538.1","webSecurityEnabled":true}
[INFO  - 2016-04-10T03:14:45.863Z] Session [6062ba40-feca-11e5-8d0f-879e9acf8a43] - page.customHeaders:  - {}
[INFO  - 2016-04-10T03:14:45.863Z] Session [6062ba40-feca-11e5-8d0f-879e9acf8a43] - Session.negotiatedCapabilities - {"browserName":"phantomjs","version":"2.0.0","driverName":"ghostdriver","driverVersion":"1.2.0","platform":"linux-unknown-64bit","javascriptEnabled":true,"takesScreenshot":true,"handlesAlerts":false,"databaseEnabled":false,"locationContextEnabled":false,"applicationCacheEnabled":false,"browserConnectionEnabled":false,"cssSelectorsEnabled":true,"webStorageEnabled":false,"rotatable":false,"acceptSslCerts":false,"nativeEvents":true,"proxy":{"proxyType":"direct"}}
[INFO  - 2016-04-10T03:14:45.863Z] SessionManagerReqHand - _postNewSessionCommand - New Session Created: 6062ba40-feca-11e5-8d0f-879e9acf8a43
[INFO  - 2016-04-10T03:16:17.918Z] GhostDriver - Main - running on port 25824
[INFO  - 2016-04-10T03:16:18.401Z] Session [978b0ef0-feca-11e5-a8db-83a1cd56dd88] - page.settings - {"XSSAuditingEnabled":false,"javascriptCanCloseWindows":true,"javascriptCanOpenWindows":true,"javascriptEnabled":true,"loadImages":true,"localToRemoteUrlAccessEnabled":false,"userAgent":"Mozilla/5.0 (Macintosh; Intel Mac OS X 10_9_5) AppleWebKit/537.36 (KHTML, like Gecko) Chrome/39.0.2171.95 Safari/537.36","webSecurityEnabled":true}
[INFO  - 2016-04-10T03:16:18.402Z] Session [978b0ef0-feca-11e5-a8db-83a1cd56dd88] - page.customHeaders:  - {}
[INFO  - 2016-04-10T03:16:18.402Z] Session [978b0ef0-feca-11e5-a8db-83a1cd56dd88] - Session.negotiatedCapabilities - {"browserName":"phantomjs","version":"2.0.0","driverName":"ghostdriver","driverVersion":"1.2.0","platform":"linux-unknown-64bit","javascriptEnabled":true,"takesScreenshot":true,"handlesAlerts":false,"databaseEnabled":false,"locationContextEnabled":false,"applicationCacheEnabled":false,"browserConnectionEnabled":false,"cssSelectorsEnabled":true,"webStorageEnabled":false,"rotatable":false,"acceptSslCerts":false,"nativeEvents":true,"proxy":{"proxyType":"direct"},"phantomjs.page.settings.userAgent":"Mozilla/5.0 (Macintosh; Intel Mac OS X 10_9_5) AppleWebKit/537.36 (KHTML, like Gecko) Chrome/39.0.2171.95 Safari/537.36"}
[INFO  - 2016-04-10T03:16:18.402Z] SessionManagerReqHand - _postNewSessionCommand - New Session Created: 978b0ef0-feca-11e5-a8db-83a1cd56dd88
[INFO  - 2016-04-10T14:00:48.650Z] GhostDriver - Main - running on port 30546
[INFO  - 2016-04-10T14:00:49.218Z] Session [a1257400-ff24-11e5-9ccf-63c00036f6b1] - page.settings - {"XSSAuditingEnabled":false,"javascriptCanCloseWindows":true,"javascriptCanOpenWindows":true,"javascriptEnabled":true,"loadImages":true,"localToRemoteUrlAccessEnabled":false,"userAgent":"Mozilla/5.0 (Macintosh; Intel Mac OS X 10_9_5) AppleWebKit/537.36 (KHTML, like Gecko) Chrome/39.0.2171.95 Safari/537.36","webSecurityEnabled":true}
[INFO  - 2016-04-10T14:00:49.218Z] Session [a1257400-ff24-11e5-9ccf-63c00036f6b1] - page.customHeaders:  - {}
[INFO  - 2016-04-10T14:00:49.219Z] Session [a1257400-ff24-11e5-9ccf-63c00036f6b1] - Session.negotiatedCapabilities - {"browserName":"phantomjs","version":"2.0.0","driverName":"ghostdriver","driverVersion":"1.2.0","platform":"linux-unknown-64bit","javascriptEnabled":true,"takesScreenshot":true,"handlesAlerts":false,"databaseEnabled":false,"locationContextEnabled":false,"applicationCacheEnabled":false,"browserConnectionEnabled":false,"cssSelectorsEnabled":true,"webStorageEnabled":false,"rotatable":false,"acceptSslCerts":false,"nativeEvents":true,"proxy":{"proxyType":"direct"},"phantomjs.page.settings.userAgent":"Mozilla/5.0 (Macintosh; Intel Mac OS X 10_9_5) AppleWebKit/537.36 (KHTML, like Gecko) Chrome/39.0.2171.95 Safari/537.36"}
[INFO  - 2016-04-10T14:00:49.219Z] SessionManagerReqHand - _postNewSessionCommand - New Session Created: a1257400-ff24-11e5-9ccf-63c00036f6b1
[ERROR - 2016-04-10T14:01:41.855Z] Session [a1257400-ff24-11e5-9ccf-63c00036f6b1] - page.onError - msg: TypeError: undefined is not a function (evaluating 'EB.initExpansionParams(0, 0, 0, 0)')
[ERROR - 2016-04-10T14:01:41.855Z] Session [a1257400-ff24-11e5-9ccf-63c00036f6b1] - page.onError - stack:
  global code (http://ds.serving-sys.com/BurstingRes/Site-2/WSFolders/6060381//index.html?v=_2_57_1_0&n=1:10)
[ERROR - 2016-04-10T14:01:43.076Z] Session [a1257400-ff24-11e5-9ccf-63c00036f6b1] - page.onError - msg: TypeError: undefined is not a function (evaluating 'video.play()')
[ERROR - 2016-04-10T14:01:43.077Z] Session [a1257400-ff24-11e5-9ccf-63c00036f6b1] - page.onError - stack:
  ad_begin (http://ds.serving-sys.com/BurstingRes/Site-105657/WSFolders/6257024_2/panels/billboard/scripts/script_billboard_v21.js:133)
  verify_gsap_loaded (http://ds.serving-sys.com/BurstingRes/Site-105657/WSFolders/6257024_2/panels/billboard/scripts/script_billboard_v21.js:96)
  startAd (http://ds.serving-sys.com/BurstingRes/Site-105657/WSFolders/6257024_2/panels/billboard/scripts/script_billboard_v21.js:50)
  initEB (http://ds.serving-sys.com/BurstingRes/Site-105657/WSFolders/6257024_2/panels/billboard/scripts/script_billboard_v21.js:42)
[ERROR - 2016-04-10T14:01:46.925Z] Session [a1257400-ff24-11e5-9ccf-63c00036f6b1] - page.onError - msg: ReferenceError: Can't find variable: ebO
[ERROR - 2016-04-10T14:01:46.938Z] Session [a1257400-ff24-11e5-9ccf-63c00036f6b1] - page.onError - stack:
  mmLoadScriptBeforeBannerParentDiv (https://secure-ds.serving-sys.com/BurstingRes/CustomScripts/truste.js?adid=35208749&flightid=17211322&pid=ibm01&aid=ibm01&cid=650605:181)
  (anonymous function) (https://secure-ds.serving-sys.com/BurstingRes/CustomScripts/truste.js?adid=35208749&flightid=17211322&pid=ibm01&aid=ibm01&cid=650605:160)
[ERROR - 2016-04-10T14:02:00.651Z] Session [a1257400-ff24-11e5-9ccf-63c00036f6b1] - page.onError - msg: ReferenceError: Can't find variable: ebO
[ERROR - 2016-04-10T14:02:00.651Z] Session [a1257400-ff24-11e5-9ccf-63c00036f6b1] - page.onError - stack:
  mmLoadScriptBeforeBannerParentDiv (https://secure-ds.serving-sys.com/BurstingRes/CustomScripts/truste.js?adid=35208749&flightid=17211322&pid=ibm01&aid=ibm01&cid=650605:181)
  (anonymous function) (https://secure-ds.serving-sys.com/BurstingRes/CustomScripts/truste.js?adid=35208749&flightid=17211322&pid=ibm01&aid=ibm01&cid=650605:160)
[ERROR - 2016-04-10T14:02:00.685Z] Session [a1257400-ff24-11e5-9ccf-63c00036f6b1] - page.onError - msg: ReferenceError: Can't find variable: s5
[ERROR - 2016-04-10T14:02:00.685Z] Session [a1257400-ff24-11e5-9ccf-63c00036f6b1] - page.onError - stack:
  frame02 (https://s1.2mdn.net/2656415/1456159325567/Accolades_NR_G00Y6_300X250/Accolades_NR_G00Y6_300x250.html:494)
[ERROR - 2016-04-10T14:02:01.138Z] Session [a1257400-ff24-11e5-9ccf-63c00036f6b1] - page.onError - msg: TypeError: undefined is not a function (evaluating 'video.play()')
[ERROR - 2016-04-10T14:02:01.139Z] Session [a1257400-ff24-11e5-9ccf-63c00036f6b1] - page.onError - stack:
  ad_begin (http://ds.serving-sys.com/BurstingRes/Site-105657/WSFolders/6257024_2/panels/billboard/scripts/script_billboard_v21.js:133)
  verify_gsap_loaded (http://ds.serving-sys.com/BurstingRes/Site-105657/WSFolders/6257024_2/panels/billboard/scripts/script_billboard_v21.js:96)
  startAd (http://ds.serving-sys.com/BurstingRes/Site-105657/WSFolders/6257024_2/panels/billboard/scripts/script_billboard_v21.js:50)
  initEB (http://ds.serving-sys.com/BurstingRes/Site-105657/WSFolders/6257024_2/panels/billboard/scripts/script_billboard_v21.js:42)
